00:42:20.448 [main] INFO  testCases.TC001_AccountRegistrationTest - **** Starting Tc-01 Account Registration ***
00:42:20.875 [main] INFO  testCases.TC001_AccountRegistrationTest - **** clicked registered ***
00:42:20.876 [main] INFO  testCases.TC001_AccountRegistrationTest - **** providing customer details ***
00:42:21.877 [main] INFO  testCases.TC001_AccountRegistrationTest - **** Successful Registration ***
00:42:21.877 [main] INFO  testCases.TC001_AccountRegistrationTest - ***      TC-01 AccountRegisterationTest finished ***
00:46:43.509 [main] INFO  testCases.TC001_AccountRegistrationTest - **** Starting Tc-01 Account Registration ***
00:46:44.085 [main] INFO  testCases.TC001_AccountRegistrationTest - **** clicked registered ***
00:46:44.089 [main] INFO  testCases.TC001_AccountRegistrationTest - **** providing customer details ***
00:46:45.118 [main] INFO  testCases.TC001_AccountRegistrationTest - **** Successful Registration ***
00:46:45.118 [main] INFO  testCases.TC001_AccountRegistrationTest - ***      TC-01 AccountRegisterationTest finished ***
00:49:04.182 [main] INFO  testCases.TC001_AccountRegistrationTest - **** Starting Tc-01 Account Registration ***
00:49:04.748 [main] INFO  testCases.TC001_AccountRegistrationTest - **** clicked registered ***
00:49:04.749 [main] INFO  testCases.TC001_AccountRegistrationTest - **** providing customer details ***
00:49:05.757 [main] INFO  testCases.TC001_AccountRegistrationTest - **** Successful Registration ***
00:49:05.757 [main] INFO  testCases.TC001_AccountRegistrationTest - ***      TC-01 AccountRegisterationTest finished ***
00:53:20.599 [main] INFO  testCases.TC001_AccountRegistrationTest - **** Starting Tc-01 Account Registration ***
00:53:23.067 [main] INFO  testCases.TC001_AccountRegistrationTest - **** clicked registered ***
00:53:23.068 [main] INFO  testCases.TC001_AccountRegistrationTest - **** providing customer details ***
00:53:24.116 [main] INFO  testCases.TC001_AccountRegistrationTest - **** Successful Registration ***
00:53:24.116 [main] INFO  testCases.TC001_AccountRegistrationTest - ***      TC-01 AccountRegisterationTest finished ***
00:54:41.323 [main] INFO  testCases.TC001_AccountRegistrationTest - **** Starting Tc-01 Account Registration ***
00:54:42.853 [main] INFO  testCases.TC001_AccountRegistrationTest - **** clicked registered ***
00:54:42.854 [main] INFO  testCases.TC001_AccountRegistrationTest - **** providing customer details ***
00:54:43.975 [main] INFO  testCases.TC001_AccountRegistrationTest - **** Successful Registration ***
00:54:43.975 [main] INFO  testCases.TC001_AccountRegistrationTest - ***      TC-01 AccountRegisterationTest finished ***
00:55:53.885 [main] INFO  testCases.TC001_AccountRegistrationTest - **** Starting Tc-01 Account Registration ***
00:55:54.632 [main] INFO  testCases.TC001_AccountRegistrationTest - **** clicked registered ***
00:55:54.634 [main] INFO  testCases.TC001_AccountRegistrationTest - **** providing customer details ***
00:55:55.137 [main] INFO  testCases.TC001_AccountRegistrationTest - **** Successful Registration ***
00:55:55.137 [main] INFO  testCases.TC001_AccountRegistrationTest - ***      TC-01 AccountRegisterationTest finished ***
01:25:54.310 [main] INFO  testCases.TC001_AccountRegistrationTest - **** Starting Tc-01 Account Registration ***
01:25:55.148 [main] INFO  testCases.TC001_AccountRegistrationTest - **** clicked registered ***
01:25:55.151 [main] INFO  testCases.TC001_AccountRegistrationTest - **** providing customer details ***
01:25:56.366 [main] INFO  testCases.TC001_AccountRegistrationTest - **** Successful Registration ***
01:25:56.366 [main] INFO  testCases.TC001_AccountRegistrationTest - ***      TC-01 AccountRegisterationTest finished ***
01:27:43.069 [main] INFO  testCases.TC001_AccountRegistrationTest - **** Starting Tc-01 Account Registration ***
01:27:43.725 [main] INFO  testCases.TC001_AccountRegistrationTest - **** clicked registered ***
01:27:43.727 [main] INFO  testCases.TC001_AccountRegistrationTest - **** providing customer details ***
01:27:44.722 [main] INFO  testCases.TC001_AccountRegistrationTest - **** Successful Registration ***
01:27:44.723 [main] INFO  testCases.TC001_AccountRegistrationTest - ***      TC-01 AccountRegisterationTest finished ***
01:34:41.929 [main] INFO  testCases.TC001_AccountRegistrationTest - **** Starting Tc-01 Account Registration ***
01:34:42.644 [main] INFO  testCases.TC001_AccountRegistrationTest - **** clicked registered ***
01:34:42.646 [main] INFO  testCases.TC001_AccountRegistrationTest - **** providing customer details ***
01:34:43.678 [main] INFO  testCases.TC001_AccountRegistrationTest - **** Successful Registration ***
01:34:43.678 [main] INFO  testCases.TC001_AccountRegistrationTest - ***      TC-01 AccountRegisterationTest finished ***
01:34:52.240 [main] INFO  testCases.TC001_AccountRegistrationTest - **** Starting Tc-01 Account Registration ***
01:34:52.830 [main] INFO  testCases.TC001_AccountRegistrationTest - **** clicked registered ***
